<?xml version="1.0" encoding="UTF-8"?>
<testng-results ignored="0" total="1" passed="1" failed="0" skipped="0">
  <reporter-output>
  </reporter-output>
  <suite started-at="2024-06-05T22:05:44 IST" name="Suite" finished-at="2024-06-05T22:23:02 IST" duration-ms="1038015">
    <groups>
    </groups>
    <test started-at="2024-06-05T22:05:44 IST" name="Test" finished-at="2024-06-05T22:23:02 IST" duration-ms="1038015">
      <class name="com.qa.controller.TestSuiteExecutor">
        <test-method is-config="true" signature="Suite_StartUp()[pri:0, instance:com.qa.controller.TestSuiteExecutor@3857f613]" started-at="2024-06-05T22:05:43 IST" name="Suite_StartUp" finished-at="2024-06-05T22:05:44 IST" duration-ms="466" status="PASS">
          <reporter-output>
          </reporter-output>
        </test-method> <!-- Suite_StartUp -->
        <test-method is-config="true" signature="Setup(java.lang.String)[pri:0, instance:com.qa.controller.TestSuiteExecutor@3857f613]" started-at="2024-06-05T22:05:44 IST" name="Setup" finished-at="2024-06-05T22:06:53 IST" duration-ms="69422" status="PASS">
          <params>
            <param index="0">
              <value>
                <![CDATA[chrome]]>
              </value>
            </param>
          </params>
          <reporter-output>
          </reporter-output>
        </test-method> <!-- Setup -->
        <test-method signature="TestClassExecutionSetup(java.lang.reflect.Method,org.testng.ITestContext)[pri:0, instance:com.qa.controller.TestSuiteExecutor@3857f613]" started-at="2024-06-05T22:06:53 IST" name="TestClassExecutionSetup" finished-at="2024-06-05T22:22:48 IST" duration-ms="955399" status="PASS">
          <params>
            <param index="0">
              <value>
                <![CDATA[public void com.qa.controller.TestSuiteExecutor.TestClassExecutionSetup(java.lang.reflect.Method,org.testng.ITestContext) throws java.lang.Exception]]>
              </value>
            </param>
            <param index="1">
              <value>
                <![CDATA[org.testng.TestRunner@687ed1b2]]>
              </value>
            </param>
          </params>
          <reporter-output>
          </reporter-output>
        </test-method> <!-- TestClassExecutionSetup -->
        <test-method is-config="true" signature="TearDown()[pri:0, instance:com.qa.controller.TestSuiteExecutor@3857f613]" started-at="2024-06-05T22:22:48 IST" name="TearDown" finished-at="2024-06-05T22:23:02 IST" duration-ms="13139" status="PASS">
          <reporter-output>
          </reporter-output>
        </test-method> <!-- TearDown -->
        <test-method is-config="true" signature="Suite_TearDown()[pri:0, instance:com.qa.controller.TestSuiteExecutor@3857f613]" started-at="2024-06-05T22:23:03 IST" name="Suite_TearDown" finished-at="2024-06-05T22:23:11 IST" duration-ms="7424" status="PASS">
          <reporter-output>
          </reporter-output>
        </test-method> <!-- Suite_TearDown -->
      </class> <!-- com.qa.controller.TestSuiteExecutor -->
    </test> <!-- Test -->
  </suite> <!-- Suite -->
</testng-results>
